#
# A fatal error has been detected by the Java Runtime Environment:
#
#  EXCEPTION_ACCESS_VIOLATION (0xc0000005) at pc=0x00000000773d8f24, pid=2632, tid=0x0000000000000d14
#
# JRE version: Java(TM) SE Runtime Environment (8.0_111-b14) (build 1.8.0_111-b14)
# Java VM: Java HotSpot(TM) 64-Bit Server VM (25.111-b14 mixed mode windows-amd64 compressed oops)
# Problematic frame:
# C  [ntdll.dll+0x48f24]
#
# Failed to write core dump. Minidumps are not enabled by default on client versions of Windows
#
# If you would like to submit a bug report, please visit:
#   http://bugreport.java.com/bugreport/crash.jsp
# The crash happened outside the Java Virtual Machine in native code.
# See problematic frame for where to report the bug.
#

---------------  T H R E A D  ---------------

Current thread (0x000000005d620000):  JavaThread "atomic-processor-1" daemon [_thread_in_native, id=3348, stack(0x0000000060920000,0x0000000060a20000)]

siginfo: ExceptionCode=0xc0000005, writing address 0x0000000000000024

Registers:
RAX=0x0000000000000000, RBX=0x000000005fcb6f28, RCX=0x00000000fffffffc, RDX=0x0000000000000a3c
RSP=0x0000000060a1ee60, RBP=0x0000000000000000, RSI=0x0000000000000a3c, RDI=0x0000000000000000
R8 =0x0000000060a1ee18, R9 =0x0000000000000004, R10=0x0000000000000000, R11=0x0000000000000246
R12=0x0000000000000000, R13=0x0000000000000000, R14=0x000007fffff82000, R15=0x0000000000000000
RIP=0x00000000773d8f24, EFLAGS=0x0000000000010213

Top of Stack: (sp=0x0000000060a1ee60)
0x0000000060a1ee60:   0000000060a1eec8 0000000000000a3c
0x0000000060a1ee70:   000000005d620000 0000000062b6d2e2
0x0000000060a1ee80:   000000005d620000 00000000d897fce8
0x0000000060a1ee90:   00000000d8435360 0000000000000000
0x0000000060a1eea0:   000000005d620000 0000000062b671a5
0x0000000060a1eeb0:   0000000000000000 0000000000000000
0x0000000060a1eec0:   00000000c00000bb 0000000000000000
0x0000000060a1eed0:   0000000000000000 000007fefd231203
0x0000000060a1eee0:   0000000060a1f150 0000000060a1f0d0
0x0000000060a1eef0:   0000000000000004 0000000000000001
0x0000000060a1ef00:   00000000ff000000 00000000773d8e54
0x0000000060a1ef10:   0000000000000000 0000000060b95400
0x0000000060a1ef20:   0000000060a1f0d0 000000005fcb6f28
0x0000000060a1ef30:   0000000000000028 000007fef7fc890a
0x0000000060a1ef40:   0000000060a1efe0 0000000060b97430
0x0000000060a1ef50:   0000000060b98f90 0000000062aa76af 

Instructions: (pc=0x00000000773d8f24)
0x00000000773d8f04:   0f b1 4b 08 0f 85 6b 85 fd ff 48 8b 03 4c 89 ac
0x00000000773d8f14:   24 c0 00 00 00 33 ed 45 33 ed 48 83 f8 ff 74 03
0x00000000773d8f24:   ff 40 24 ba 22 17 00 00 48 8d 3d 5d 95 0e 00 80
0x00000000773d8f34:   3c 25 82 03 fe 7f 00 0f 85 f6 eb 03 00 48 83 fe 


Register to memory mapping:

RAX=0x0000000000000000 is an unknown value
RBX=0x000000005fcb6f28 is an unknown value
RCX=0x00000000fffffffc is an unallocated location in the heap
RDX=0x0000000000000a3c is an unknown value
RSP=0x0000000060a1ee60 is pointing into the stack for thread: 0x000000005d620000
RBP=0x0000000000000000 is an unknown value
RSI=0x0000000000000a3c is an unknown value
RDI=0x0000000000000000 is an unknown value
R8 =0x0000000060a1ee18 is pointing into the stack for thread: 0x000000005d620000
R9 =0x0000000000000004 is an unknown value
R10=0x0000000000000000 is an unknown value
R11=0x0000000000000246 is an unknown value
R12=0x0000000000000000 is an unknown value
R13=0x0000000000000000 is an unknown value
R14=0x000007fffff82000 is an unknown value
R15=0x0000000000000000 is an unknown value


Stack: [0x0000000060920000,0x0000000060a20000],  sp=0x0000000060a1ee60,  free space=1019k
Native frames: (J=compiled Java code, j=interpreted, Vv=VM code, C=native code)

Java frames: (J=compiled Java code, j=interpreted, Vv=VM code)
J 4799  com.github.sarxos.webcam.ds.buildin.natives.OpenIMAJGrabber.nextFrame()I (0 bytes) @ 0x0000000002b4923b [0x0000000002b49200+0x3b]
J 4809 C1 com.github.sarxos.webcam.ds.buildin.WebcamDefaultDevice$NextFrameTask.handle()V (62 bytes) @ 0x00000000028406ac [0x0000000002840260+0x44c]
j  com.github.sarxos.webcam.WebcamProcessor$AtomicProcessor.run()V+14
j  java.util.concurrent.ThreadPoolExecutor.runWorker(Ljava/util/concurrent/ThreadPoolExecutor$Worker;)V+95
j  java.util.concurrent.ThreadPoolExecutor$Worker.run()V+5
j  java.lang.Thread.run()V+11
v  ~StubRoutines::call_stub

---------------  P R O C E S S  ---------------

Java Threads: ( => current thread )
  0x000000005d623000 JavaThread "frames-refresher-[0]" daemon [_thread_blocked, id=5480, stack(0x00000000631f0000,0x00000000632f0000)]
  0x000000005d621800 JavaThread "atomic-processor-2" daemon [_thread_in_native, id=6524, stack(0x0000000061560000,0x0000000061660000)]
  0x000000005d620800 JavaThread "webcam-lock-[HP HD Webcam 0]" daemon [_thread_blocked, id=2848, stack(0x0000000060210000,0x0000000060310000)]
  0x000000005d61f000 JavaThread "webcam-discovery-service" daemon [_thread_blocked, id=5740, stack(0x0000000061090000,0x0000000061190000)]
  0x000000005d622000 JavaThread "Java2D Disposer" daemon [_thread_blocked, id=5840, stack(0x0000000062760000,0x0000000062860000)]
=>0x000000005d620000 JavaThread "atomic-processor-1" daemon [_thread_in_native, id=3348, stack(0x0000000060920000,0x0000000060a20000)]
  0x000000005d61e800 JavaThread "pool-2-thread-3" [_thread_blocked, id=1164, stack(0x0000000060500000,0x0000000060600000)]
  0x000000005d61d800 JavaThread "pool-3-thread-1" [_thread_blocked, id=684, stack(0x0000000060310000,0x0000000060410000)]
  0x000000005d61c800 JavaThread "pool-4-thread-1" [_thread_blocked, id=6152, stack(0x0000000060070000,0x0000000060170000)]
  0x000000005d61c000 JavaThread "pool-2-thread-2" [_thread_in_native, id=6076, stack(0x000000005ff00000,0x0000000060000000)]
  0x000000005d61b000 JavaThread "Timer-0" daemon [_thread_blocked, id=5124, stack(0x000000005fd80000,0x000000005fe80000)]
  0x000000005d61a800 JavaThread "WritingThread" [_thread_blocked, id=5476, stack(0x000000005fb80000,0x000000005fc80000)]
  0x000000005d619800 JavaThread "ReadingThread" [_thread_in_native, id=5816, stack(0x000000005dca0000,0x000000005dda0000)]
  0x000000005d619000 JavaThread "pool-2-thread-1" [_thread_in_native, id=5804, stack(0x000000005f340000,0x000000005f440000)]
  0x0000000059c37800 JavaThread "Thread-1" daemon [_thread_blocked, id=4072, stack(0x000000005dda0000,0x000000005dea0000)]
  0x00000000587a6800 JavaThread "Service Thread" daemon [_thread_blocked, id=4628, stack(0x0000000059090000,0x0000000059190000)]
  0x000000005873b800 JavaThread "C1 CompilerThread2" daemon [_thread_blocked, id=7088, stack(0x0000000059330000,0x0000000059430000)]
  0x0000000058739800 JavaThread "C2 CompilerThread1" daemon [_thread_in_native, id=4668, stack(0x00000000591c0000,0x00000000592c0000)]
  0x0000000058732800 JavaThread "C2 CompilerThread0" daemon [_thread_blocked, id=6992, stack(0x0000000058ed0000,0x0000000058fd0000)]
  0x00000000571e4000 JavaThread "Attach Listener" daemon [_thread_blocked, id=4848, stack(0x0000000058d70000,0x0000000058e70000)]
  0x00000000571e2800 JavaThread "Signal Dispatcher" daemon [_thread_blocked, id=4132, stack(0x0000000058c10000,0x0000000058d10000)]
  0x00000000571c9000 JavaThread "Finalizer" daemon [_thread_blocked, id=656, stack(0x0000000058630000,0x0000000058730000)]
  0x0000000057182000 JavaThread "Reference Handler" daemon [_thread_blocked, id=2308, stack(0x0000000058440000,0x0000000058540000)]
  0x0000000001dad800 JavaThread "main" [_thread_blocked, id=4224, stack(0x0000000002200000,0x0000000002300000)]

Other Threads:
  0x000000005717a800 VMThread [stack: 0x0000000058260000,0x0000000058360000] [id=3912]
  0x00000000587cf000 WatcherThread [stack: 0x0000000059530000,0x0000000059630000] [id=6948]

VM state:not at safepoint (normal execution)

VM Mutex/Monitor currently owned by a thread: None

Heap:
 PSYoungGen      total 115712K, used 61948K [0x00000000d5c00000, 0x00000000df380000, 0x0000000100000000)
  eden space 108544K, 50% used [0x00000000d5c00000,0x00000000d9188e40,0x00000000dc600000)
  from space 7168K, 99% used [0x00000000dec80000,0x00000000df376320,0x00000000df380000)
  to   space 14336K, 0% used [0x00000000dd780000,0x00000000dd780000,0x00000000de580000)
 ParOldGen       total 73728K, used 19695K [0x0000000081400000, 0x0000000085c00000, 0x00000000d5c00000)
  object space 73728K, 26% used [0x0000000081400000,0x000000008273bde8,0x0000000085c00000)
 Metaspace       used 34167K, capacity 35070K, committed 35456K, reserved 1081344K
  class space    used 4175K, capacity 4456K, committed 4480K, reserved 1048576K

Card table byte_map: [0x0000000011990000,0x0000000011d90000] byte_map_base: 0x0000000011586000

Marking Bits: (ParMarkBitMap*) 0x000000006316a6c0
 Begin Bits: [0x0000000012490000, 0x0000000014440000)
 End Bits:   [0x0000000014440000, 0x00000000163f0000)

Polling page: 0x0000000000090000

CodeCache: size=245760Kb used=13009Kb max_used=13881Kb free=232750Kb
 bounds [0x00000000025d0000, 0x0000000003390000, 0x00000000115d0000]
 total_blobs=4575 nmethods=4076 adapters=411
 compilation: enabled

Compilation events (10 events):
Event: 56.305 Thread 0x000000005873b800 nmethod 4813 0x0000000002e42190 code [0x0000000002e42360, 0x0000000002e42b68]
Event: 56.305 Thread 0x000000005873b800 4815   !   3       java.util.zip.Deflater::finished (19 bytes)
Event: 56.306 Thread 0x000000005873b800 nmethod 4815 0x0000000002895890 code [0x00000000028959e0, 0x0000000002895cb0]
Event: 56.306 Thread 0x000000005873b800 4818   !   3       java.util.zip.Deflater::setInput (74 bytes)
Event: 56.306 Thread 0x000000005873b800 nmethod 4818 0x0000000002fcbc10 code [0x0000000002fcbda0, 0x0000000002fcc2f8]
Event: 56.306 Thread 0x0000000058732800 4822       4       java.awt.image.SampleModel::getDataElements (753 bytes)
Event: 56.319 Thread 0x000000005873b800 4823       3       java.util.Date::getTimeImpl (27 bytes)
Event: 56.320 Thread 0x000000005873b800 nmethod 4823 0x000000000283d490 code [0x000000000283d600, 0x000000000283d8a8]
Event: 56.320 Thread 0x000000005873b800 4824       3       java.net.IDN::isLabelSeparator (31 bytes)
Event: 56.320 Thread 0x000000005873b800 nmethod 4824 0x0000000002fcb810 code [0x0000000002fcb960, 0x0000000002fcbbb0]

GC Heap History (10 events):
Event: 2.385 GC heap before
{Heap before GC invocations=3 (full 0):
 PSYoungGen      total 38400K, used 38391K [0x00000000d5c00000, 0x00000000d8680000, 0x0000000100000000)
  eden space 33280K, 100% used [0x00000000d5c00000,0x00000000d7c80000,0x00000000d7c80000)
  from space 5120K, 99% used [0x00000000d8180000,0x00000000d867dfa8,0x00000000d8680000)
  to   space 5120K, 0% used [0x00000000d7c80000,0x00000000d7c80000,0x00000000d8180000)
 ParOldGen       total 87552K, used 2462K [0x0000000081400000, 0x0000000086980000, 0x00000000d5c00000)
  object space 87552K, 2% used [0x0000000081400000,0x0000000081667a38,0x0000000086980000)
 Metaspace       used 14740K, capacity 14996K, committed 15232K, reserved 1062912K
  class space    used 1810K, capacity 1912K, committed 1920K, reserved 1048576K
Event: 2.399 GC heap after
Heap after GC invocations=3 (full 0):
 PSYoungGen      total 38400K, used 5088K [0x00000000d5c00000, 0x00000000da700000, 0x0000000100000000)
  eden space 33280K, 0% used [0x00000000d5c00000,0x00000000d5c00000,0x00000000d7c80000)
  from space 5120K, 99% used [0x00000000d7c80000,0x00000000d8178020,0x00000000d8180000)
  to   space 5120K, 0% used [0x00000000da200000,0x00000000da200000,0x00000000da700000)
 ParOldGen       total 87552K, used 4751K [0x0000000081400000, 0x0000000086980000, 0x00000000d5c00000)
  object space 87552K, 5% used [0x0000000081400000,0x00000000818a3ea0,0x0000000086980000)
 Metaspace       used 14740K, capacity 14996K, committed 15232K, reserved 1062912K
  class space    used 1810K, capacity 1912K, committed 1920K, reserved 1048576K
}
Event: 3.148 GC heap before
{Heap before GC invocations=4 (full 0):
 PSYoungGen      total 38400K, used 38368K [0x00000000d5c00000, 0x00000000da700000, 0x0000000100000000)
  eden space 33280K, 100% used [0x00000000d5c00000,0x00000000d7c80000,0x00000000d7c80000)
  from space 5120K, 99% used [0x00000000d7c80000,0x00000000d8178020,0x00000000d8180000)
  to   space 5120K, 0% used [0x00000000da200000,0x00000000da200000,0x00000000da700000)
 ParOldGen       total 87552K, used 4751K [0x0000000081400000, 0x0000000086980000, 0x00000000d5c00000)
  object space 87552K, 5% used [0x0000000081400000,0x00000000818a3ea0,0x0000000086980000)
 Metaspace       used 15768K, capacity 16164K, committed 16384K, reserved 1062912K
  class space    used 1914K, capacity 2024K, committed 2048K, reserved 1048576K
Event: 3.158 GC heap after
Heap after GC invocations=4 (full 0):
 PSYoungGen      total 71680K, used 5088K [0x00000000d5c00000, 0x00000000da700000, 0x0000000100000000)
  eden space 66560K, 0% used [0x00000000d5c00000,0x00000000d5c00000,0x00000000d9d00000)
  from space 5120K, 99% used [0x00000000da200000,0x00000000da6f8020,0x00000000da700000)
  to   space 5120K, 0% used [0x00000000d9d00000,0x00000000d9d00000,0x00000000da200000)
 ParOldGen       total 87552K, used 7288K [0x0000000081400000, 0x0000000086980000, 0x00000000d5c00000)
  object space 87552K, 8% used [0x0000000081400000,0x0000000081b1e2b0,0x0000000086980000)
 Metaspace       used 15768K, capacity 16164K, committed 16384K, reserved 1062912K
  class space    used 1914K, capacity 2024K, committed 2048K, reserved 1048576K
}
Event: 4.417 GC heap before
{Heap before GC invocations=5 (full 0):
 PSYoungGen      total 71680K, used 66457K [0x00000000d5c00000, 0x00000000da700000, 0x0000000100000000)
  eden space 66560K, 92% used [0x00000000d5c00000,0x00000000d97ee540,0x00000000d9d00000)
  from space 5120K, 99% used [0x00000000da200000,0x00000000da6f8020,0x00000000da700000)
  to   space 5120K, 0% used [0x00000000d9d00000,0x00000000d9d00000,0x00000000da200000)
 ParOldGen       total 87552K, used 7288K [0x0000000081400000, 0x0000000086980000, 0x00000000d5c00000)
  object space 87552K, 8% used [0x0000000081400000,0x0000000081b1e2b0,0x0000000086980000)
 Metaspace       used 20606K, capacity 21134K, committed 21296K, reserved 1069056K
  class space    used 2501K, capacity 2617K, committed 2688K, reserved 1048576K
Event: 4.620 GC heap after
Heap after GC invocations=5 (full 0):
 PSYoungGen      total 71680K, used 5120K [0x00000000d5c00000, 0x00000000dfb00000, 0x0000000100000000)
  eden space 66560K, 0% used [0x00000000d5c00000,0x00000000d5c00000,0x00000000d9d00000)
  from space 5120K, 100% used [0x00000000d9d00000,0x00000000da200000,0x00000000da200000)
  to   space 14848K, 0% used [0x00000000dec80000,0x00000000dec80000,0x00000000dfb00000)
 ParOldGen       total 87552K, used 17620K [0x0000000081400000, 0x0000000086980000, 0x00000000d5c00000)
  object space 87552K, 20% used [0x0000000081400000,0x0000000082535360,0x0000000086980000)
 Metaspace       used 20606K, capacity 21134K, committed 21296K, reserved 1069056K
  class space    used 2501K, capacity 2617K, committed 2688K, reserved 1048576K
}
Event: 4.620 GC heap before
{Heap before GC invocations=6 (full 1):
 PSYoungGen      total 71680K, used 5120K [0x00000000d5c00000, 0x00000000dfb00000, 0x0000000100000000)
  eden space 66560K, 0% used [0x00000000d5c00000,0x00000000d5c00000,0x00000000d9d00000)
  from space 5120K, 100% used [0x00000000d9d00000,0x00000000da200000,0x00000000da200000)
  to   space 14848K, 0% used [0x00000000dec80000,0x00000000dec80000,0x00000000dfb00000)
 ParOldGen       total 87552K, used 17620K [0x0000000081400000, 0x0000000086980000, 0x00000000d5c00000)
  object space 87552K, 20% used [0x0000000081400000,0x0000000082535360,0x0000000086980000)
 Metaspace       used 20606K, capacity 21134K, committed 21296K, reserved 1069056K
  class space    used 2501K, capacity 2617K, committed 2688K, reserved 1048576K
Event: 4.724 GC heap after
Heap after GC invocations=6 (full 1):
 PSYoungGen      total 71680K, used 0K [0x00000000d5c00000, 0x00000000dfb00000, 0x0000000100000000)
  eden space 66560K, 0% used [0x00000000d5c00000,0x00000000d5c00000,0x00000000d9d00000)
  from space 5120K, 0% used [0x00000000d9d00000,0x00000000d9d00000,0x00000000da200000)
  to   space 14848K, 0% used [0x00000000dec80000,0x00000000dec80000,0x00000000dfb00000)
 ParOldGen       total 73728K, used 19687K [0x0000000081400000, 0x0000000085c00000, 0x00000000d5c00000)
  object space 73728K, 26% used [0x0000000081400000,0x0000000082739de8,0x0000000085c00000)
 Metaspace       used 20606K, capacity 21134K, committed 21296K, reserved 1069056K
  class space    used 2501K, capacity 2617K, committed 2688K, reserved 1048576K
}
Event: 6.254 GC heap before
{Heap before GC invocations=7 (full 1):
 PSYoungGen      total 71680K, used 66560K [0x00000000d5c00000, 0x00000000dfb00000, 0x0000000100000000)
  eden space 66560K, 100% used [0x00000000d5c00000,0x00000000d9d00000,0x00000000d9d00000)
  from space 5120K, 0% used [0x00000000d9d00000,0x00000000d9d00000,0x00000000da200000)
  to   space 14848K, 0% used [0x00000000dec80000,0x00000000dec80000,0x00000000dfb00000)
 ParOldGen       total 73728K, used 19687K [0x0000000081400000, 0x0000000085c00000, 0x00000000d5c00000)
  object space 73728K, 26% used [0x0000000081400000,0x0000000082739de8,0x0000000085c00000)
 Metaspace       used 25453K, capacity 26278K, committed 26496K, reserved 1073152K
  class space    used 3092K, capacity 3344K, committed 3456K, reserved 1048576K
Event: 6.281 GC heap after
Heap after GC invocations=7 (full 1):
 PSYoungGen      total 115712K, used 7128K [0x00000000d5c00000, 0x00000000df380000, 0x0000000100000000)
  eden space 108544K, 0% used [0x00000000d5c00000,0x00000000d5c00000,0x00000000dc600000)
  from space 7168K, 99% used [0x00000000dec80000,0x00000000df376320,0x00000000df380000)
  to   space 14336K, 0% used [0x00000000dd780000,0x00000000dd780000,0x00000000de580000)
 ParOldGen       total 73728K, used 19695K [0x0000000081400000, 0x0000000085c00000, 0x00000000d5c00000)
  object space 73728K, 26% used [0x0000000081400000,0x000000008273bde8,0x0000000085c00000)
 Metaspace       used 25453K, capacity 26278K, committed 26496K, reserved 1073152K
  class space    used 3092K, capacity 3344K, committed 3456K, reserved 1048576K
}

Deoptimization events (10 events):
Event: 13.832 Thread 0x000000005d620000 Uncommon trap: reason=unstable_if action=reinterpret pc=0x00000000030e02e8 method=java.util.HashMap.putVal(ILjava/lang/Object;Ljava/lang/Object;ZZ)Ljava/lang/Object; @ 162
Event: 13.922 Thread 0x000000005d620000 Uncommon trap: reason=bimorphic action=maybe_recompile pc=0x0000000002aac61c method=java.lang.ClassLoader.loadClass(Ljava/lang/String;Z)Ljava/lang/Class; @ 38
Event: 13.922 Thread 0x000000005d620000 Uncommon trap: reason=bimorphic action=maybe_recompile pc=0x0000000002aac61c method=java.lang.ClassLoader.loadClass(Ljava/lang/String;Z)Ljava/lang/Class; @ 38
Event: 13.927 Thread 0x000000005d620000 Uncommon trap: reason=bimorphic action=maybe_recompile pc=0x0000000002aac61c method=java.lang.ClassLoader.loadClass(Ljava/lang/String;Z)Ljava/lang/Class; @ 38
Event: 13.927 Thread 0x000000005d620000 Uncommon trap: reason=bimorphic action=maybe_recompile pc=0x0000000002aac61c method=java.lang.ClassLoader.loadClass(Ljava/lang/String;Z)Ljava/lang/Class; @ 38
Event: 13.988 Thread 0x000000005d61e800 Uncommon trap: reason=class_check action=maybe_recompile pc=0x0000000002a2f928 method=java.util.zip.InflaterInputStream.read([BII)I @ 100
Event: 18.154 Thread 0x000000005d619000 Uncommon trap: reason=unstable_if action=reinterpret pc=0x000000000290adf4 method=java.util.Arrays.equals([B[B)Z @ 41
Event: 18.556 Thread 0x000000005d619000 Uncommon trap: reason=class_check action=maybe_recompile pc=0x0000000002a2f928 method=java.util.zip.InflaterInputStream.read([BII)I @ 100
Event: 18.556 Thread 0x000000005d619000 Uncommon trap: reason=class_check action=maybe_recompile pc=0x0000000002a2f928 method=java.util.zip.InflaterInputStream.read([BII)I @ 100
Event: 33.492 Thread 0x000000005d61d800 Uncommon trap: reason=unstable_if action=reinterpret pc=0x0000000002a31880 method=java.lang.AbstractStringBuilder.append(Ljava/lang/String;)Ljava/lang/AbstractStringBuilder; @ 1

Internal exceptions (10 events):
Event: 13.947 Thread 0x000000005d620000 Exception <a 'java/lang/NoSuchMethodError': getDevice> (0x00000000d892db48) thrown at [C:\re\workspace\8-2-build-windows-amd64-cygwin\jdk8u111\7883\hotspot\src\share\vm\prims\jni.cpp, line 1613]
Event: 13.947 Thread 0x000000005d620000 Exception <a 'java/lang/NoSuchMethodError': getNumDevices> (0x00000000d892dda8) thrown at [C:\re\workspace\8-2-build-windows-amd64-cygwin\jdk8u111\7883\hotspot\src\share\vm\prims\jni.cpp, line 1613]
Event: 13.948 Thread 0x000000005d620000 Exception <a 'java/lang/NoSuchMethodError': getName> (0x00000000d8934278) thrown at [C:\re\workspace\8-2-build-windows-amd64-cygwin\jdk8u111\7883\hotspot\src\share\vm\prims\jni.cpp, line 1613]
Event: 13.948 Thread 0x000000005d620000 Exception <a 'java/lang/NoSuchMethodError': getIdentifier> (0x00000000d89344e0) thrown at [C:\re\workspace\8-2-build-windows-amd64-cygwin\jdk8u111\7883\hotspot\src\share\vm\prims\jni.cpp, line 1613]
Event: 17.794 Thread 0x000000005d619000 Exception <a 'java/net/SocketTimeoutException': Read timed out> (0x00000000d7e639b0) thrown at [C:\re\workspace\8-2-build-windows-amd64-cygwin\jdk8u111\7883\hotspot\src\share\vm\prims\jni.cpp, line 735]
Event: 18.065 Thread 0x000000005d620800 Exception <a 'java/lang/InterruptedException': sleep interrupted> (0x00000000d89c07d8) thrown at [C:\re\workspace\8-2-build-windows-amd64-cygwin\jdk8u111\7883\hotspot\src\share\vm\prims\jvm.cpp, line 3224]
Event: 29.636 Thread 0x000000005d619000 Exception <a 'java/net/SocketTimeoutException': Read timed out> (0x00000000d8cb2390) thrown at [C:\re\workspace\8-2-build-windows-amd64-cygwin\jdk8u111\7883\hotspot\src\share\vm\prims\jni.cpp, line 735]
Event: 33.432 Thread 0x000000005d61d800 Exception <a 'java/lang/reflect/InvocationTargetException'> (0x00000000d8c30988) thrown at [C:\re\workspace\8-2-build-windows-amd64-cygwin\jdk8u111\7883\hotspot\src\share\vm\runtime\reflection.cpp, line 1092]
Event: 33.492 Thread 0x000000005d61d800 Implicit null exception at 0x0000000002a314c6 to 0x0000000002a31869
Event: 56.234 Thread 0x000000005d619000 Exception <a 'java/net/SocketTimeoutException': Read timed out> (0x00000000d8cbf570) thrown at [C:\re\workspace\8-2-build-windows-amd64-cygwin\jdk8u111\7883\hotspot\src\share\vm\prims\jni.cpp, line 735]

Events (10 events):
Event: 56.292 Thread 0x000000005d61d800 DEOPT PACKING pc=0x0000000003329e58 sp=0x000000006040e090
Event: 56.292 Thread 0x000000005d61d800 DEOPT UNPACKING pc=0x000000000261787f sp=0x000000006040dde8 mode 0
Event: 56.294 Thread 0x000000005d61d800 DEOPT PACKING pc=0x0000000003329e58 sp=0x000000006040e090
Event: 56.294 Thread 0x000000005d61d800 DEOPT UNPACKING pc=0x000000000261787f sp=0x000000006040dde8 mode 0
Event: 56.299 Thread 0x000000005d61d800 DEOPT PACKING pc=0x0000000003329e58 sp=0x000000006040e090
Event: 56.299 Thread 0x000000005d61d800 DEOPT UNPACKING pc=0x000000000261787f sp=0x000000006040dde8 mode 0
Event: 56.322 Executing VM operation: RevokeBias
Event: 56.322 Executing VM operation: RevokeBias done
Event: 56.322 Executing VM operation: RevokeBias
Event: 56.322 Executing VM operation: RevokeBias done


Dynamic libraries:
0x000000013fcf0000 - 0x000000013fd27000 	C:\Program Files\Java\jdk1.8.0_111\bin\javaw.exe
0x0000000077390000 - 0x000000007753a000 	C:\windows\SYSTEM32\ntdll.dll
0x0000000077170000 - 0x000000007728f000 	C:\windows\system32\kernel32.dll
0x000007fefd230000 - 0x000007fefd29a000 	C:\windows\system32\KERNELBASE.dll
0x000007fefe210000 - 0x000007fefe2eb000 	C:\windows\system32\ADVAPI32.dll
0x000007fefe310000 - 0x000007fefe3af000 	C:\windows\system32\msvcrt.dll
0x000007fefe2f0000 - 0x000007fefe30f000 	C:\windows\SYSTEM32\sechost.dll
0x000007fefec40000 - 0x000007fefed6d000 	C:\windows\system32\RPCRT4.dll
0x0000000077290000 - 0x000000007738a000 	C:\windows\system32\USER32.dll
0x000007fefebd0000 - 0x000007fefec37000 	C:\windows\system32\GDI32.dll
0x000007feff2c0000 - 0x000007feff2ce000 	C:\windows\system32\LPK.dll
0x000007fefeaa0000 - 0x000007fefeb6a000 	C:\windows\system32\USP10.dll
0x000007fefb6a0000 - 0x000007fefb894000 	C:\windows\WinSxS\amd64_microsoft.windows.common-controls_6595b64144ccf1df_6.0.7601.18837_none_fa3b1e3d17594757\COMCTL32.dll
0x000007fefee80000 - 0x000007fefeef1000 	C:\windows\system32\SHLWAPI.dll
0x000007feff320000 - 0x000007feff34e000 	C:\windows\system32\IMM32.DLL
0x000007fefed70000 - 0x000007fefee79000 	C:\windows\system32\MSCTF.dll
0x00000000695c0000 - 0x0000000069692000 	C:\Program Files\Java\jdk1.8.0_111\jre\bin\msvcr100.dll
0x0000000062950000 - 0x00000000631ea000 	C:\Program Files\Java\jdk1.8.0_111\jre\bin\server\jvm.dll
0x000007fef8eb0000 - 0x000007fef8eb9000 	C:\windows\system32\WSOCK32.dll
0x000007feff2d0000 - 0x000007feff31d000 	C:\windows\system32\WS2_32.dll
0x000007feff3f0000 - 0x000007feff3f8000 	C:\windows\system32\NSI.dll
0x000007fefb8e0000 - 0x000007fefb91b000 	C:\windows\system32\WINMM.dll
0x000007fefc1a0000 - 0x000007fefc1ac000 	C:\windows\system32\VERSION.dll
0x0000000077560000 - 0x0000000077567000 	C:\windows\system32\PSAPI.DLL
0x0000000071420000 - 0x000000007142f000 	C:\Program Files\Java\jdk1.8.0_111\jre\bin\verify.dll
0x0000000070cc0000 - 0x0000000070ce9000 	C:\Program Files\Java\jdk1.8.0_111\jre\bin\java.dll
0x00000000713b0000 - 0x00000000713c6000 	C:\Program Files\Java\jdk1.8.0_111\jre\bin\zip.dll
0x000007fefd480000 - 0x000007fefe20a000 	C:\windows\system32\SHELL32.dll
0x000007fefe890000 - 0x000007fefea93000 	C:\windows\system32\ole32.dll
0x000007fefd0d0000 - 0x000007fefd0df000 	C:\windows\system32\profapi.dll
0x0000000071390000 - 0x00000000713aa000 	C:\Program Files\Java\jdk1.8.0_111\jre\bin\net.dll
0x000007fefc860000 - 0x000007fefc8b5000 	C:\windows\system32\mswsock.dll
0x000007fefc850000 - 0x000007fefc857000 	C:\windows\System32\wship6.dll
0x0000000070ca0000 - 0x0000000070cb1000 	C:\Program Files\Java\jdk1.8.0_111\jre\bin\nio.dll
0x0000000070c40000 - 0x0000000070c64000 	C:\Program Files\Java\jdk1.8.0_111\jre\bin\sunec.dll
0x000007fefc8c0000 - 0x000007fefc8d8000 	C:\windows\system32\CRYPTSP.dll
0x000007fefc5c0000 - 0x000007fefc607000 	C:\windows\system32\rsaenh.dll
0x000007fefd1f0000 - 0x000007fefd20e000 	C:\windows\system32\USERENV.dll
0x000007fefcf60000 - 0x000007fefcf6f000 	C:\windows\system32\CRYPTBASE.dll
0x000007fefa3b0000 - 0x000007fefa3d7000 	C:\windows\system32\IPHLPAPI.DLL
0x000007fefa3a0000 - 0x000007fefa3ab000 	C:\windows\system32\WINNSI.DLL
0x000007fefa1b0000 - 0x000007fefa1c8000 	C:\windows\system32\dhcpcsvc.DLL
0x000007fefa170000 - 0x000007fefa181000 	C:\windows\system32\dhcpcsvc6.DLL
0x000007fefc270000 - 0x000007fefc277000 	C:\windows\System32\wshtcpip.dll
0x000007fefc6e0000 - 0x000007fefc73b000 	C:\windows\system32\DNSAPI.dll
0x000007fef8230000 - 0x000007fef8238000 	C:\windows\system32\rasadhlp.dll
0x000007fefa230000 - 0x000007fefa283000 	C:\windows\System32\fwpuclnt.dll
0x0000000071380000 - 0x000000007138b000 	C:\Program Files\Java\jdk1.8.0_111\jre\bin\sunmscapi.dll
0x000007fefd2a0000 - 0x000007fefd40d000 	C:\windows\system32\CRYPT32.dll
0x000007fefd0c0000 - 0x000007fefd0cf000 	C:\windows\system32\MSASN1.dll
0x0000000067460000 - 0x00000000675f8000 	C:\Program Files\Java\jdk1.8.0_111\jre\bin\awt.dll
0x000007fefef00000 - 0x000007fefefda000 	C:\windows\system32\OLEAUT32.dll
0x000007fef8060000 - 0x000007fef8089000 	C:\Users\frus68784\AppData\Local\Temp\BridJExtractedLibraries4248047334261322183\bridj.dll
0x000007fef7fc0000 - 0x000007fef7ff6000 	C:\Users\FRUS68~1\AppData\Local\Temp\BridJExtractedLibraries4248047334261322183\OpenIMAJGrabber.dll
0x000007fefb600000 - 0x000007fefb656000 	C:\windows\system32\uxtheme.dll
0x000007feff350000 - 0x000007feff3e9000 	C:\windows\system32\CLBCatQ.DLL
0x000007feedaa0000 - 0x000007feedab6000 	C:\Windows\system32\devenum.dll
0x000007feff4c0000 - 0x000007feff697000 	C:\windows\system32\setupapi.dll
0x000007fefd440000 - 0x000007fefd476000 	C:\windows\system32\CFGMGR32.dll
0x000007fefd410000 - 0x000007fefd42a000 	C:\windows\system32\DEVOBJ.dll
0x000007fefc170000 - 0x000007fefc19d000 	C:\windows\system32\ntmarta.dll
0x000007fefeb70000 - 0x000007fefebc2000 	C:\windows\system32\WLDAP32.dll
0x000007fefd0e0000 - 0x000007fefd11b000 	C:\windows\system32\WINTRUST.dll
0x000007fefa530000 - 0x000007fefa53d000 	C:\windows\system32\msdmo.dll
0x000007fef8030000 - 0x000007fef805f000 	C:\Windows\system32\qcap.dll
0x000007fedc7e0000 - 0x000007fedc993000 	C:\Windows\system32\quartz.dll
0x000007fefb190000 - 0x000007fefb1a8000 	C:\windows\system32\dwmapi.dll
0x000007feeda50000 - 0x000007feeda91000 	C:\Windows\system32\ksproxy.ax
0x0000000074b00000 - 0x0000000074b06000 	C:\Windows\system32\ksuser.dll
0x000007fef74f0000 - 0x000007fef76ef000 	C:\Windows\system32\d3d9.dll
0x000007fef74e0000 - 0x000007fef74e7000 	C:\Windows\system32\d3d8thk.dll
0x000007fef6af0000 - 0x000007fef6afb000 	C:\Windows\system32\vidcap.ax
0x000007feeda20000 - 0x000007feeda44000 	C:\Windows\system32\kswdmcap.ax
0x000007fee2400000 - 0x000007fee255c000 	C:\Windows\system32\MFC42.dll
0x000007feed060000 - 0x000007feed111000 	C:\Windows\system32\ODBC32.dll
0x0000000068e80000 - 0x0000000068eb8000 	C:\Windows\system32\odbcint.dll
0x0000000180000000 - 0x000000018003d000 	C:\windows\system32\DextUVCb_x64.ax
0x000007fef7f20000 - 0x000007fef7fbb000 	C:\Windows\System32\qedit.dll
0x000007fef7cd0000 - 0x000007fef7cf9000 	C:\Windows\System32\MSVFW32.dll
0x000007feff400000 - 0x000007feff497000 	C:\windows\system32\COMDLG32.dll
0x000007fefb3e0000 - 0x000007fefb5f6000 	C:\windows\WinSxS\amd64_microsoft.windows.gdiplus_6595b64144ccf1df_1.1.7601.23545_none_14599ab28b920323\gdiplus.dll
0x000007fef2360000 - 0x000007fef2451000 	C:\windows\system32\DDRAW.dll
0x000007fef95d0000 - 0x000007fef95d8000 	C:\windows\system32\DCIMAN32.dll
0x000007fef7150000 - 0x000007fef7275000 	C:\windows\system32\dbghelp.dll

VM Arguments:
jvm_args: -Dmaven.home=EMBEDDED -Dclassworlds.conf=C:\Users\frus68784\workspace\.metadata\.plugins\org.eclipse.m2e.launching\launches\m2conf2102758579731009208.tmp -Dmaven.multiModuleProjectDirectory=C:\Users\frus68784\workspace\mosaic -Dfile.encoding=Cp1252 
java_command: org.codehaus.plexus.classworlds.launcher.Launcher -B -Dmaven.test.skip=true -DskipTests clean install exec:java
java_class_path (initial): /C:/Logiciels/eclipse/plugins/org.eclipse.m2e.maven.runtime_1.7.0.20160603-1931/jars/plexus-classworlds-2.5.2.jar
Launcher Type: SUN_STANDARD

Environment Variables:
JAVA_HOME=C:\Program Files\Java\jdk1.8.0_111
PATH=C:/Program Files/Java/jre1.8.0_111/bin/server;C:/Program Files/Java/jre1.8.0_111/bin;C:/Program Files/Java/jre1.8.0_111/lib/amd64;C:\ProgramData\Oracle\Java\javapath;C:\windows\system32;C:\windows;C:\windows\System32\Wbem;C:\windows\System32\WindowsPowerShell\v1.0\;C:\Program Files\Java\jdk1.8.0_111;C:\ProgramData\Oracle\Java\javapath;C:\windows\system32;C:\windows;C:\windows\System32\Wbem;C:\windows\System32\WindowsPowerShell\v1.0\;C:\Logiciels\eclipse;
USERNAME=frus68784
OS=Windows_NT
PROCESSOR_IDENTIFIER=Intel64 Family 6 Model 60 Stepping 3, GenuineIntel



---------------  S Y S T E M  ---------------

OS: Windows 7 , 64 bit Build 7601 (6.1.7601.23572)

CPU:total 4 (2 cores per cpu, 2 threads per core) family 6 model 60 stepping 3, cmov, cx8, fxsr, mmx, sse, sse2, sse3, ssse3, sse4.1, sse4.2, popcnt, avx, avx2, aes, clmul, erms, lzcnt, ht, tsc, tscinvbit, bmi1, bmi2

Memory: 4k page, physical 8299632k(4269596k free), swap 16597404k(12167460k free)

vm_info: Java HotSpot(TM) 64-Bit Server VM (25.111-b14) for windows-amd64 JRE (1.8.0_111-b14), built on Sep 22 2016 19:24:05 by "java_re" with MS VC++ 10.0 (VS2010)

time: Thu Mar 09 19:20:32 2017
elapsed time: 56 seconds (0d 0h 0m 56s)

